0 info it worked if it ends with ok
1 verbose cli [ 'D:\\nodejs\\node.exe',
1 verbose cli   'd:\\nodejs\\node_global\\node_modules\\cnpm\\node_modules\\npm\\bin\\npm-cli.js',
1 verbose cli   '--userconfig=C:\\Users\\Administrator\\.cnpmrc',
1 verbose cli   '--disturl=https://npm.taobao.org/mirrors/node',
1 verbose cli   '--registry=https://registry.npm.taobao.org',
1 verbose cli   'run',
1 verbose cli   'dev' ]
2 info using npm@3.10.10
3 info using node@v8.1.2
4 verbose run-script [ 'predev', 'dev', 'postdev' ]
5 info lifecycle iframe-hover-demo@1.0.0~predev: iframe-hover-demo@1.0.0
6 silly lifecycle iframe-hover-demo@1.0.0~predev: no script for predev, continuing
7 info lifecycle iframe-hover-demo@1.0.0~dev: iframe-hover-demo@1.0.0
8 verbose lifecycle iframe-hover-demo@1.0.0~dev: unsafe-perm in lifecycle true
9 verbose lifecycle iframe-hover-demo@1.0.0~dev: PATH: d:\nodejs\node_global\node_modules\cnpm\node_modules\npm\bin\node-gyp-bin;D:\WWW\iframe-hover-demo\node_modules\.bin;C:\Ruby24-x64\bin;C:\Windows\system32;C:\Windows;C:\Windows\System32\Wbem;C:\Windows\System32\WindowsPowerShell\v1.0\;C:\Program Files (x86)\ATI Technologies\ATI.ACE\Core-Static;D:\SVN\bin;D:\Git\cmd;D:mongo\;D:\nodejs\;F:\php-7.1.9-Win32-VC14-x64;F:\php-7.1.9-Win32-VC14-x64\ext;d:\nodejs\node_global\;C:\Users\Administrator\AppData\Roaming\npm
10 verbose lifecycle iframe-hover-demo@1.0.0~dev: CWD: D:\WWW\iframe-hover-demo
11 silly lifecycle iframe-hover-demo@1.0.0~dev: Args: [ '/d /s /c',
11 silly lifecycle   'webpack-dev-server --open --inline --config build/webpack.dev.conf.js' ]
12 silly lifecycle iframe-hover-demo@1.0.0~dev: Returned: code: 1  signal: null
13 info lifecycle iframe-hover-demo@1.0.0~dev: Failed to exec dev script
14 verbose stack Error: iframe-hover-demo@1.0.0 dev: `webpack-dev-server --open --inline --config build/webpack.dev.conf.js`
14 verbose stack Exit status 1
14 verbose stack     at EventEmitter.<anonymous> (d:\nodejs\node_global\node_modules\cnpm\node_modules\npm\lib\utils\lifecycle.js:255:16)
14 verbose stack     at emitTwo (events.js:125:13)
14 verbose stack     at EventEmitter.emit (events.js:213:7)
14 verbose stack     at ChildProcess.<anonymous> (d:\nodejs\node_global\node_modules\cnpm\node_modules\npm\lib\utils\spawn.js:40:14)
14 verbose stack     at emitTwo (events.js:125:13)
14 verbose stack     at ChildProcess.emit (events.js:213:7)
14 verbose stack     at maybeClose (internal/child_process.js:897:16)
14 verbose stack     at Process.ChildProcess._handle.onexit (internal/child_process.js:208:5)
15 verbose pkgid iframe-hover-demo@1.0.0
16 verbose cwd D:\WWW\iframe-hover-demo
17 error Windows_NT 6.1.7601
18 error argv "D:\\nodejs\\node.exe" "d:\\nodejs\\node_global\\node_modules\\cnpm\\node_modules\\npm\\bin\\npm-cli.js" "--userconfig=C:\\Users\\Administrator\\.cnpmrc" "--disturl=https://npm.taobao.org/mirrors/node" "--registry=https://registry.npm.taobao.org" "run" "dev"
19 error node v8.1.2
20 error npm  v3.10.10
21 error code ELIFECYCLE
22 error iframe-hover-demo@1.0.0 dev: `webpack-dev-server --open --inline --config build/webpack.dev.conf.js`
22 error Exit status 1
23 error Failed at the iframe-hover-demo@1.0.0 dev script 'webpack-dev-server --open --inline --config build/webpack.dev.conf.js'.
23 error Make sure you have the latest version of node.js and npm installed.
23 error If you do, this is most likely a problem with the iframe-hover-demo package,
23 error not with npm itself.
23 error Tell the author that this fails on your system:
23 error     webpack-dev-server --open --inline --config build/webpack.dev.conf.js
23 error You can get information on how to open an issue for this project with:
23 error     npm bugs iframe-hover-demo
23 error Or if that isn't available, you can get their info via:
23 error     npm owner ls iframe-hover-demo
23 error There is likely additional logging output above.
24 verbose exit [ 1, true ]
